[00:49:31] [main/INFO]: Loading Minecraft 1.21.1 with Fabric Loader 0.18.2
[00:49:31] [main/INFO]: Loading 4 mods:
	- fabricloader 0.18.2
	   \-- mixinextras 0.5.0
	- java 21
	- minecraft 1.21.1
[00:49:31] [main/INFO]: SpongePowered MIXIN Subsystem Version=0.8.7 Source=file:/workspaces/Cobblemon/servidor_minecraft/libraries/net/fabricmc/sponge-mixin/0.16.5+mixin.0.8.7/sponge-mixin-0.16.5+mixin.0.8.7.jar Service=Knot/Fabric Env=SERVER
[00:49:40] [main/INFO]: Environment: Environment[sessionHost=https://sessionserver.mojang.com, servicesHost=https://api.minecraftservices.com, name=PROD]
[00:49:41] [main/INFO]: No existing world data, creating new world
[00:49:42] [main/INFO]: Loaded 1290 recipes
[00:49:43] [main/INFO]: Loaded 1399 advancements
[00:49:43] [Server thread/INFO]: Starting minecraft server version 1.21.1
[00:49:43] [Server thread/INFO]: Loading properties
[00:49:43] [Server thread/INFO]: Default game type: SURVIVAL
[00:49:43] [Server thread/INFO]: Generating keypair
[00:49:44] [Server thread/INFO]: Starting Minecraft server on *:25565
[00:49:44] [Server thread/INFO]: Using epoll channel type
[00:49:44] [Server thread/WARN]: **** SERVER IS RUNNING IN OFFLINE/INSECURE MODE!
[00:49:44] [Server thread/WARN]: The server will make no attempt to authenticate usernames. Beware.
[00:49:44] [Server thread/WARN]: While this makes the game possible to play without internet access, it also opens up the ability for hackers to connect with any username they choose.
[00:49:44] [Server thread/WARN]: To change this, set "online-mode" to "true" in the server.properties file.
[00:49:44] [Server thread/INFO]: Preparing level "world"
[00:50:00] [Server thread/INFO]: Preparing start region for dimension minecraft:overworld
[00:50:00] [Worker-Main-1/INFO]: Preparing spawn area: 2%
[00:50:01] [Worker-Main-1/INFO]: Preparing spawn area: 2%
[00:50:01] [Worker-Main-1/INFO]: Preparing spawn area: 2%
[00:50:02] [Worker-Main-1/INFO]: Preparing spawn area: 2%
[00:50:02] [Worker-Main-1/INFO]: Preparing spawn area: 2%
[00:50:03] [Worker-Main-1/INFO]: Preparing spawn area: 2%
[00:50:03] [Worker-Main-1/INFO]: Preparing spawn area: 2%
[00:50:04] [Worker-Main-1/INFO]: Preparing spawn area: 2%
[00:50:04] [Worker-Main-1/INFO]: Preparing spawn area: 2%
[00:50:05] [Worker-Main-1/INFO]: Preparing spawn area: 2%
[00:50:05] [Worker-Main-1/INFO]: Preparing spawn area: 2%
[00:50:06] [Worker-Main-1/INFO]: Preparing spawn area: 2%
[00:50:06] [Worker-Main-1/INFO]: Preparing spawn area: 2%
[00:50:07] [Worker-Main-1/INFO]: Preparing spawn area: 2%
[00:50:07] [Worker-Main-1/INFO]: Preparing spawn area: 2%
[00:50:08] [Worker-Main-1/INFO]: Preparing spawn area: 2%
[00:50:08] [Worker-Main-1/INFO]: Preparing spawn area: 2%
[00:50:09] [Worker-Main-1/INFO]: Preparing spawn area: 2%
[00:50:09] [Worker-Main-1/INFO]: Preparing spawn area: 2%
[00:50:10] [Worker-Main-1/INFO]: Preparing spawn area: 2%
[00:50:10] [Worker-Main-1/INFO]: Preparing spawn area: 2%
[00:50:11] [Worker-Main-1/INFO]: Preparing spawn area: 2%
[00:50:11] [Worker-Main-1/INFO]: Preparing spawn area: 2%
[00:50:12] [Worker-Main-1/INFO]: Preparing spawn area: 36%
[00:50:13] [Server thread/INFO]: Time elapsed: 12658 ms
[00:50:13] [Server thread/INFO]: Done (28.904s)! For help, type "help"
[00:56:51] [Server thread/INFO]: NotGutixx[/127.191.25.44:58869] logged in with entity id 40 at (18.5, 68.0, -40.5)
[00:56:51] [Server thread/INFO]: NotGutixx joined the game
[00:57:04] [Server thread/INFO]: KhrisstXpvp[/127.205.23.242:56561] logged in with entity id 157 at (13.5, 72.0, -34.5)
[00:57:04] [Server thread/INFO]: KhrisstXpvp joined the game
[00:58:36] [Server thread/INFO]: NotGutixx lost connection: Disconnected
[00:58:36] [Server thread/INFO]: NotGutixx left the game
[00:58:41] [Server thread/INFO]: NotGutixx[/127.191.25.44:58921] logged in with entity id 832 at (36.78672425878778, 88.0, -35.79265243952106)
[00:58:41] [Server thread/INFO]: NotGutixx joined the game
[00:58:56] [Server thread/INFO]: NotGutixx was doomed to fall by KhrisstXpvp
[00:59:27] [Server thread/INFO]: KhrisstXpvp was slain by NotGutixx
[01:00:34] [Server thread/INFO]: NotGutixx lost connection: Disconnected
[01:00:34] [Server thread/INFO]: NotGutixx left the game
[01:00:41] [Server thread/INFO]: KhrisstXpvp lost connection: Disconnected
[01:00:41] [Server thread/INFO]: KhrisstXpvp left the game
